<?xml version="1.0" encoding="UTF-8"?>
<testsuite xmlns:xsi="http://www.w3.org/2001/XMLSchema-instance" xsi:noNamespaceSchemaLocation="https://maven.apache.org/surefire/maven-surefire-plugin/xsd/surefire-test-report.xsd" name="com.numb_little_bug.VideoApplicationTest" time="0.031" tests="1" errors="0" skipped="0" failures="0">
  <properties>
    <property name="gopherProxySet" value="false"/>
    <property name="awt.toolkit" value="sun.lwawt.macosx.LWCToolkit"/>
    <property name="socksProxyHost" value="127.0.0.1"/>
    <property name="http.proxyHost" value="127.0.0.1"/>
    <property name="java.specification.version" value="1.8"/>
    <property name="file.encoding.pkg" value="sun.io"/>
    <property name="sun.cpu.isalist" value=""/>
    <property name="sun.jnu.encoding" value="UTF-8"/>
    <property name="java.class.path" value="/Users/pangyu/Documents/FWWB-14th/Numb-Little-Bug/cloud-backend/cloud-video/target/test-classes:/Users/pangyu/Documents/FWWB-14th/Numb-Little-Bug/cloud-backend/cloud-video/target/classes:/Users/pangyu/.m2/repository/junit/junit/4.11/junit-4.11.jar:/Users/pangyu/.m2/repository/org/hamcrest/hamcrest-core/2.1/hamcrest-core-2.1.jar:/Users/pangyu/.m2/repository/org/hamcrest/hamcrest/2.1/hamcrest-2.1.jar:/Users/pangyu/Documents/FWWB-14th/Numb-Little-Bug/cloud-backend/cloud-commons/target/cloud-commons-0.0.1-SNAPSHOT.jar:/Users/pangyu/.m2/repository/org/springframework/boot/spring-boot-starter-web/2.2.3.RELEASE/spring-boot-starter-web-2.2.3.RELEASE.jar:/Users/pangyu/.m2/repository/org/springframework/boot/spring-boot-starter/2.2.3.RELEASE/spring-boot-starter-2.2.3.RELEASE.jar:/Users/pangyu/.m2/repository/org/springframework/boot/spring-boot/2.2.3.RELEASE/spring-boot-2.2.3.RELEASE.jar:/Users/pangyu/.m2/repository/org/springframework/boot/spring-boot-starter-logging/2.2.3.RELEASE/spring-boot-starter-logging-2.2.3.RELEASE.jar:/Users/pangyu/.m2/repository/ch/qos/logback/logback-classic/1.2.3/logback-classic-1.2.3.jar:/Users/pangyu/.m2/repository/ch/qos/logback/logback-core/1.2.3/logback-core-1.2.3.jar:/Users/pangyu/.m2/repository/org/apache/logging/log4j/log4j-to-slf4j/2.12.1/log4j-to-slf4j-2.12.1.jar:/Users/pangyu/.m2/repository/org/apache/logging/log4j/log4j-api/2.12.1/log4j-api-2.12.1.jar:/Users/pangyu/.m2/repository/org/slf4j/jul-to-slf4j/1.7.30/jul-to-slf4j-1.7.30.jar:/Users/pangyu/.m2/repository/jakarta/annotation/jakarta.annotation-api/1.3.5/jakarta.annotation-api-1.3.5.jar:/Users/pangyu/.m2/repository/org/springframework/spring-core/5.2.3.RELEASE/spring-core-5.2.3.RELEASE.jar:/Users/pangyu/.m2/repository/org/springframework/spring-jcl/5.2.3.RELEASE/spring-jcl-5.2.3.RELEASE.jar:/Users/pangyu/.m2/repository/org/yaml/snakeyaml/1.25/snakeyaml-1.25.jar:/Users/pangyu/.m2/repository/org/springframework/boot/spring-boot-starter-json/2.2.3.RELEASE/spring-boot-starter-json-2.2.3.RELEASE.jar:/Users/pangyu/.m2/repository/com/fasterxml/jackson/core/jackson-databind/2.10.2/jackson-databind-2.10.2.jar:/Users/pangyu/.m2/repository/com/fasterxml/jackson/core/jackson-annotations/2.10.2/jackson-annotations-2.10.2.jar:/Users/pangyu/.m2/repository/com/fasterxml/jackson/datatype/jackson-datatype-jdk8/2.10.2/jackson-datatype-jdk8-2.10.2.jar:/Users/pangyu/.m2/repository/com/fasterxml/jackson/datatype/jackson-datatype-jsr310/2.10.2/jackson-datatype-jsr310-2.10.2.jar:/Users/pangyu/.m2/repository/com/fasterxml/jackson/module/jackson-module-parameter-names/2.10.2/jackson-module-parameter-names-2.10.2.jar:/Users/pangyu/.m2/repository/org/springframework/boot/spring-boot-starter-tomcat/2.2.3.RELEASE/spring-boot-starter-tomcat-2.2.3.RELEASE.jar:/Users/pangyu/.m2/repository/org/apache/tomcat/embed/tomcat-embed-core/9.0.30/tomcat-embed-core-9.0.30.jar:/Users/pangyu/.m2/repository/org/apache/tomcat/embed/tomcat-embed-el/9.0.30/tomcat-embed-el-9.0.30.jar:/Users/pangyu/.m2/repository/org/apache/tomcat/embed/tomcat-embed-websocket/9.0.30/tomcat-embed-websocket-9.0.30.jar:/Users/pangyu/.m2/repository/org/springframework/boot/spring-boot-starter-validation/2.2.3.RELEASE/spring-boot-starter-validation-2.2.3.RELEASE.jar:/Users/pangyu/.m2/repository/jakarta/validation/jakarta.validation-api/2.0.2/jakarta.validation-api-2.0.2.jar:/Users/pangyu/.m2/repository/org/hibernate/validator/hibernate-validator/6.0.18.Final/hibernate-validator-6.0.18.Final.jar:/Users/pangyu/.m2/repository/org/jboss/logging/jboss-logging/3.4.1.Final/jboss-logging-3.4.1.Final.jar:/Users/pangyu/.m2/repository/com/fasterxml/classmate/1.5.1/classmate-1.5.1.jar:/Users/pangyu/.m2/repository/org/springframework/spring-web/5.2.3.RELEASE/spring-web-5.2.3.RELEASE.jar:/Users/pangyu/.m2/repository/org/springframework/spring-beans/5.2.3.RELEASE/spring-beans-5.2.3.RELEASE.jar:/Users/pangyu/.m2/repository/org/springframework/spring-webmvc/5.2.3.RELEASE/spring-webmvc-5.2.3.RELEASE.jar:/Users/pangyu/.m2/repository/org/springframework/spring-aop/5.2.3.RELEASE/spring-aop-5.2.3.RELEASE.jar:/Users/pangyu/.m2/repository/org/springframework/spring-context/5.2.3.RELEASE/spring-context-5.2.3.RELEASE.jar:/Users/pangyu/.m2/repository/org/springframework/spring-expression/5.2.3.RELEASE/spring-expression-5.2.3.RELEASE.jar:/Users/pangyu/.m2/repository/com/alibaba/cloud/spring-cloud-starter-alibaba-nacos-discovery/2.2.1.RELEASE/spring-cloud-starter-alibaba-nacos-discovery-2.2.1.RELEASE.jar:/Users/pangyu/.m2/repository/com/alibaba/nacos/nacos-client/1.2.1/nacos-client-1.2.1.jar:/Users/pangyu/.m2/repository/com/alibaba/nacos/nacos-common/1.2.1/nacos-common-1.2.1.jar:/Users/pangyu/.m2/repository/commons-io/commons-io/2.2/commons-io-2.2.jar:/Users/pangyu/.m2/repository/org/apache/commons/commons-lang3/3.9/commons-lang3-3.9.jar:/Users/pangyu/.m2/repository/com/alibaba/nacos/nacos-api/1.2.1/nacos-api-1.2.1.jar:/Users/pangyu/.m2/repository/com/google/guava/guava/29.0-android/guava-29.0-android.jar:/Users/pangyu/.m2/repository/com/google/guava/failureaccess/1.0.1/failureaccess-1.0.1.jar:/Users/pangyu/.m2/repository/com/google/guava/listenablefuture/9999.0-empty-to-avoid-conflict-with-guava/listenablefuture-9999.0-empty-to-avoid-conflict-with-guava.jar:/Users/pangyu/.m2/repository/com/google/code/findbugs/jsr305/3.0.2/jsr305-3.0.2.jar:/Users/pangyu/.m2/repository/org/checkerframework/checker-compat-qual/2.5.5/checker-compat-qual-2.5.5.jar:/Users/pangyu/.m2/repository/com/google/errorprone/error_prone_annotations/2.3.4/error_prone_annotations-2.3.4.jar:/Users/pangyu/.m2/repository/com/google/j2objc/j2objc-annotations/1.3/j2objc-annotations-1.3.jar:/Users/pangyu/.m2/repository/commons-codec/commons-codec/1.13/commons-codec-1.13.jar:/Users/pangyu/.m2/repository/com/fasterxml/jackson/core/jackson-core/2.10.2/jackson-core-2.10.2.jar:/Users/pangyu/.m2/repository/io/prometheus/simpleclient/0.5.0/simpleclient-0.5.0.jar:/Users/pangyu/.m2/repository/com/alibaba/spring/spring-context-support/1.0.6/spring-context-support-1.0.6.jar:/Users/pangyu/.m2/repository/org/springframework/cloud/spring-cloud-commons/2.2.3.RELEASE/spring-cloud-commons-2.2.3.RELEASE.jar:/Users/pangyu/.m2/repository/org/springframework/security/spring-security-crypto/5.2.1.RELEASE/spring-security-crypto-5.2.1.RELEASE.jar:/Users/pangyu/.m2/repository/org/springframework/cloud/spring-cloud-context/2.2.3.RELEASE/spring-cloud-context-2.2.3.RELEASE.jar:/Users/pangyu/.m2/repository/org/springframework/cloud/spring-cloud-starter-openfeign/2.2.3.RELEASE/spring-cloud-starter-openfeign-2.2.3.RELEASE.jar:/Users/pangyu/.m2/repository/org/springframework/cloud/spring-cloud-starter/2.2.3.RELEASE/spring-cloud-starter-2.2.3.RELEASE.jar:/Users/pangyu/.m2/repository/org/springframework/security/spring-security-rsa/1.0.9.RELEASE/spring-security-rsa-1.0.9.RELEASE.jar:/Users/pangyu/.m2/repository/org/bouncycastle/bcpkix-jdk15on/1.64/bcpkix-jdk15on-1.64.jar:/Users/pangyu/.m2/repository/org/bouncycastle/bcprov-jdk15on/1.64/bcprov-jdk15on-1.64.jar:/Users/pangyu/.m2/repository/org/springframework/cloud/spring-cloud-openfeign-core/2.2.3.RELEASE/spring-cloud-openfeign-core-2.2.3.RELEASE.jar:/Users/pangyu/.m2/repository/org/springframework/boot/spring-boot-starter-aop/2.2.3.RELEASE/spring-boot-starter-aop-2.2.3.RELEASE.jar:/Users/pangyu/.m2/repository/org/aspectj/aspectjweaver/1.9.5/aspectjweaver-1.9.5.jar:/Users/pangyu/.m2/repository/io/github/openfeign/form/feign-form-spring/3.8.0/feign-form-spring-3.8.0.jar:/Users/pangyu/.m2/repository/io/github/openfeign/form/feign-form/3.8.0/feign-form-3.8.0.jar:/Users/pangyu/.m2/repository/commons-fileupload/commons-fileupload/1.4/commons-fileupload-1.4.jar:/Users/pangyu/.m2/repository/io/github/openfeign/feign-core/10.10.1/feign-core-10.10.1.jar:/Users/pangyu/.m2/repository/io/github/openfeign/feign-slf4j/10.10.1/feign-slf4j-10.10.1.jar:/Users/pangyu/.m2/repository/io/github/openfeign/feign-hystrix/10.10.1/feign-hystrix-10.10.1.jar:/Users/pangyu/.m2/repository/com/netflix/archaius/archaius-core/0.7.6/archaius-core-0.7.6.jar:/Users/pangyu/.m2/repository/com/netflix/hystrix/hystrix-core/1.5.18/hystrix-core-1.5.18.jar:/Users/pangyu/.m2/repository/org/hdrhistogram/HdrHistogram/2.1.9/HdrHistogram-2.1.9.jar:/Users/pangyu/.m2/repository/com/baomidou/mybatis-plus-boot-starter/3.4.2/mybatis-plus-boot-starter-3.4.2.jar:/Users/pangyu/.m2/repository/com/baomidou/mybatis-plus/3.4.2/mybatis-plus-3.4.2.jar:/Users/pangyu/.m2/repository/com/baomidou/mybatis-plus-extension/3.4.2/mybatis-plus-extension-3.4.2.jar:/Users/pangyu/.m2/repository/com/baomidou/mybatis-plus-core/3.4.2/mybatis-plus-core-3.4.2.jar:/Users/pangyu/.m2/repository/com/baomidou/mybatis-plus-annotation/3.4.2/mybatis-plus-annotation-3.4.2.jar:/Users/pangyu/.m2/repository/com/github/jsqlparser/jsqlparser/4.0/jsqlparser-4.0.jar:/Users/pangyu/.m2/repository/org/mybatis/mybatis/3.5.6/mybatis-3.5.6.jar:/Users/pangyu/.m2/repository/org/mybatis/mybatis-spring/2.0.5/mybatis-spring-2.0.5.jar:/Users/pangyu/.m2/repository/org/springframework/boot/spring-boot-autoconfigure/2.2.3.RELEASE/spring-boot-autoconfigure-2.2.3.RELEASE.jar:/Users/pangyu/.m2/repository/org/springframework/boot/spring-boot-starter-jdbc/2.2.3.RELEASE/spring-boot-starter-jdbc-2.2.3.RELEASE.jar:/Users/pangyu/.m2/repository/com/zaxxer/HikariCP/3.4.2/HikariCP-3.4.2.jar:/Users/pangyu/.m2/repository/org/springframework/spring-jdbc/5.2.3.RELEASE/spring-jdbc-5.2.3.RELEASE.jar:/Users/pangyu/.m2/repository/org/springframework/spring-tx/5.2.3.RELEASE/spring-tx-5.2.3.RELEASE.jar:/Users/pangyu/.m2/repository/mysql/mysql-connector-java/8.0.19/mysql-connector-java-8.0.19.jar:/Users/pangyu/.m2/repository/com/alibaba/druid-spring-boot-starter/1.1.20/druid-spring-boot-starter-1.1.20.jar:/Users/pangyu/.m2/repository/com/alibaba/druid/1.1.20/druid-1.1.20.jar:/Users/pangyu/.m2/repository/org/slf4j/slf4j-api/1.7.30/slf4j-api-1.7.30.jar:/Users/pangyu/.m2/repository/com/alibaba/fastjson/1.2.70/fastjson-1.2.70.jar:/Users/pangyu/.m2/repository/org/springframework/cloud/spring-cloud-starter-netflix-ribbon/2.2.3.RELEASE/spring-cloud-starter-netflix-ribbon-2.2.3.RELEASE.jar:/Users/pangyu/.m2/repository/org/springframework/cloud/spring-cloud-netflix-ribbon/2.2.3.RELEASE/spring-cloud-netflix-ribbon-2.2.3.RELEASE.jar:/Users/pangyu/.m2/repository/org/springframework/cloud/spring-cloud-netflix-archaius/2.2.3.RELEASE/spring-cloud-netflix-archaius-2.2.3.RELEASE.jar:/Users/pangyu/.m2/repository/org/springframework/cloud/spring-cloud-starter-netflix-archaius/2.2.3.RELEASE/spring-cloud-starter-netflix-archaius-2.2.3.RELEASE.jar:/Users/pangyu/.m2/repository/commons-configuration/commons-configuration/1.8/commons-configuration-1.8.jar:/Users/pangyu/.m2/repository/com/netflix/ribbon/ribbon/2.3.0/ribbon-2.3.0.jar:/Users/pangyu/.m2/repository/com/netflix/ribbon/ribbon-transport/2.3.0/ribbon-transport-2.3.0.jar:/Users/pangyu/.m2/repository/io/reactivex/rxnetty-contexts/0.4.9/rxnetty-contexts-0.4.9.jar:/Users/pangyu/.m2/repository/io/reactivex/rxnetty-servo/0.4.9/rxnetty-servo-0.4.9.jar:/Users/pangyu/.m2/repository/javax/inject/javax.inject/1/javax.inject-1.jar:/Users/pangyu/.m2/repository/io/reactivex/rxnetty/0.4.9/rxnetty-0.4.9.jar:/Users/pangyu/.m2/repository/com/netflix/ribbon/ribbon-core/2.3.0/ribbon-core-2.3.0.jar:/Users/pangyu/.m2/repository/commons-lang/commons-lang/2.6/commons-lang-2.6.jar:/Users/pangyu/.m2/repository/com/netflix/ribbon/ribbon-httpclient/2.3.0/ribbon-httpclient-2.3.0.jar:/Users/pangyu/.m2/repository/commons-collections/commons-collections/3.2.2/commons-collections-3.2.2.jar:/Users/pangyu/.m2/repository/org/apache/httpcomponents/httpclient/4.5.10/httpclient-4.5.10.jar:/Users/pangyu/.m2/repository/org/apache/httpcomponents/httpcore/4.4.13/httpcore-4.4.13.jar:/Users/pangyu/.m2/repository/com/sun/jersey/jersey-client/1.19.1/jersey-client-1.19.1.jar:/Users/pangyu/.m2/repository/com/sun/jersey/jersey-core/1.19.1/jersey-core-1.19.1.jar:/Users/pangyu/.m2/repository/javax/ws/rs/jsr311-api/1.1.1/jsr311-api-1.1.1.jar:/Users/pangyu/.m2/repository/com/sun/jersey/contribs/jersey-apache-client4/1.19.1/jersey-apache-client4-1.19.1.jar:/Users/pangyu/.m2/repository/com/netflix/servo/servo-core/0.12.21/servo-core-0.12.21.jar:/Users/pangyu/.m2/repository/com/netflix/netflix-commons/netflix-commons-util/0.3.0/netflix-commons-util-0.3.0.jar:/Users/pangyu/.m2/repository/com/netflix/ribbon/ribbon-loadbalancer/2.3.0/ribbon-loadbalancer-2.3.0.jar:/Users/pangyu/.m2/repository/com/netflix/netflix-commons/netflix-statistics/0.1.1/netflix-statistics-0.1.1.jar:/Users/pangyu/.m2/repository/io/reactivex/rxjava/1.3.8/rxjava-1.3.8.jar:/Users/pangyu/.m2/repository/org/projectlombok/lombok/1.18.10/lombok-1.18.10.jar:"/>
    <property name="https.proxyPort" value="7890"/>
    <property name="java.vm.vendor" value="Oracle Corporation"/>
    <property name="sun.arch.data.model" value="64"/>
    <property name="java.vendor.url" value="http://java.oracle.com/"/>
    <property name="user.timezone" value=""/>
    <property name="java.vm.specification.version" value="1.8"/>
    <property name="os.name" value="Mac OS X"/>
    <property name="user.country" value="CN"/>
    <property name="sun.java.launcher" value="SUN_STANDARD"/>
    <property name="sun.boot.library.path" value="/Library/Java/JavaVirtualMachines/jdk1.8.0_333.jdk/Contents/Home/jre/lib"/>
    <property name="sun.java.command" value="/Users/pangyu/Documents/FWWB-14th/Numb-Little-Bug/cloud-backend/cloud-video/target/surefire/surefirebooter8309205199188301064.jar /Users/pangyu/Documents/FWWB-14th/Numb-Little-Bug/cloud-backend/cloud-video/target/surefire 2023-02-05T17-27-05_284-jvmRun1 surefire7859831453416058126tmp surefire_57011816535831151326tmp"/>
    <property name="http.nonProxyHosts" value="192.168.0.0/16|*.192.168.0.0/16|10.0.0.0/8|*.10.0.0.0/8|172.16.0.0/12|*.172.16.0.0/12|127.0.0.1|localhost|*.localhost|local|*.local|timestamp.apple.com|*.timestamp.apple.com"/>
    <property name="surefire.test.class.path" value="/Users/pangyu/Documents/FWWB-14th/Numb-Little-Bug/cloud-backend/cloud-video/target/test-classes:/Users/pangyu/Documents/FWWB-14th/Numb-Little-Bug/cloud-backend/cloud-video/target/classes:/Users/pangyu/.m2/repository/junit/junit/4.11/junit-4.11.jar:/Users/pangyu/.m2/repository/org/hamcrest/hamcrest-core/2.1/hamcrest-core-2.1.jar:/Users/pangyu/.m2/repository/org/hamcrest/hamcrest/2.1/hamcrest-2.1.jar:/Users/pangyu/Documents/FWWB-14th/Numb-Little-Bug/cloud-backend/cloud-commons/target/cloud-commons-0.0.1-SNAPSHOT.jar:/Users/pangyu/.m2/repository/org/springframework/boot/spring-boot-starter-web/2.2.3.RELEASE/spring-boot-starter-web-2.2.3.RELEASE.jar:/Users/pangyu/.m2/repository/org/springframework/boot/spring-boot-starter/2.2.3.RELEASE/spring-boot-starter-2.2.3.RELEASE.jar:/Users/pangyu/.m2/repository/org/springframework/boot/spring-boot/2.2.3.RELEASE/spring-boot-2.2.3.RELEASE.jar:/Users/pangyu/.m2/repository/org/springframework/boot/spring-boot-starter-logging/2.2.3.RELEASE/spring-boot-starter-logging-2.2.3.RELEASE.jar:/Users/pangyu/.m2/repository/ch/qos/logback/logback-classic/1.2.3/logback-classic-1.2.3.jar:/Users/pangyu/.m2/repository/ch/qos/logback/logback-core/1.2.3/logback-core-1.2.3.jar:/Users/pangyu/.m2/repository/org/apache/logging/log4j/log4j-to-slf4j/2.12.1/log4j-to-slf4j-2.12.1.jar:/Users/pangyu/.m2/repository/org/apache/logging/log4j/log4j-api/2.12.1/log4j-api-2.12.1.jar:/Users/pangyu/.m2/repository/org/slf4j/jul-to-slf4j/1.7.30/jul-to-slf4j-1.7.30.jar:/Users/pangyu/.m2/repository/jakarta/annotation/jakarta.annotation-api/1.3.5/jakarta.annotation-api-1.3.5.jar:/Users/pangyu/.m2/repository/org/springframework/spring-core/5.2.3.RELEASE/spring-core-5.2.3.RELEASE.jar:/Users/pangyu/.m2/repository/org/springframework/spring-jcl/5.2.3.RELEASE/spring-jcl-5.2.3.RELEASE.jar:/Users/pangyu/.m2/repository/org/yaml/snakeyaml/1.25/snakeyaml-1.25.jar:/Users/pangyu/.m2/repository/org/springframework/boot/spring-boot-starter-json/2.2.3.RELEASE/spring-boot-starter-json-2.2.3.RELEASE.jar:/Users/pangyu/.m2/repository/com/fasterxml/jackson/core/jackson-databind/2.10.2/jackson-databind-2.10.2.jar:/Users/pangyu/.m2/repository/com/fasterxml/jackson/core/jackson-annotations/2.10.2/jackson-annotations-2.10.2.jar:/Users/pangyu/.m2/repository/com/fasterxml/jackson/datatype/jackson-datatype-jdk8/2.10.2/jackson-datatype-jdk8-2.10.2.jar:/Users/pangyu/.m2/repository/com/fasterxml/jackson/datatype/jackson-datatype-jsr310/2.10.2/jackson-datatype-jsr310-2.10.2.jar:/Users/pangyu/.m2/repository/com/fasterxml/jackson/module/jackson-module-parameter-names/2.10.2/jackson-module-parameter-names-2.10.2.jar:/Users/pangyu/.m2/repository/org/springframework/boot/spring-boot-starter-tomcat/2.2.3.RELEASE/spring-boot-starter-tomcat-2.2.3.RELEASE.jar:/Users/pangyu/.m2/repository/org/apache/tomcat/embed/tomcat-embed-core/9.0.30/tomcat-embed-core-9.0.30.jar:/Users/pangyu/.m2/repository/org/apache/tomcat/embed/tomcat-embed-el/9.0.30/tomcat-embed-el-9.0.30.jar:/Users/pangyu/.m2/repository/org/apache/tomcat/embed/tomcat-embed-websocket/9.0.30/tomcat-embed-websocket-9.0.30.jar:/Users/pangyu/.m2/repository/org/springframework/boot/spring-boot-starter-validation/2.2.3.RELEASE/spring-boot-starter-validation-2.2.3.RELEASE.jar:/Users/pangyu/.m2/repository/jakarta/validation/jakarta.validation-api/2.0.2/jakarta.validation-api-2.0.2.jar:/Users/pangyu/.m2/repository/org/hibernate/validator/hibernate-validator/6.0.18.Final/hibernate-validator-6.0.18.Final.jar:/Users/pangyu/.m2/repository/org/jboss/logging/jboss-logging/3.4.1.Final/jboss-logging-3.4.1.Final.jar:/Users/pangyu/.m2/repository/com/fasterxml/classmate/1.5.1/classmate-1.5.1.jar:/Users/pangyu/.m2/repository/org/springframework/spring-web/5.2.3.RELEASE/spring-web-5.2.3.RELEASE.jar:/Users/pangyu/.m2/repository/org/springframework/spring-beans/5.2.3.RELEASE/spring-beans-5.2.3.RELEASE.jar:/Users/pangyu/.m2/repository/org/springframework/spring-webmvc/5.2.3.RELEASE/spring-webmvc-5.2.3.RELEASE.jar:/Users/pangyu/.m2/repository/org/springframework/spring-aop/5.2.3.RELEASE/spring-aop-5.2.3.RELEASE.jar:/Users/pangyu/.m2/repository/org/springframework/spring-context/5.2.3.RELEASE/spring-context-5.2.3.RELEASE.jar:/Users/pangyu/.m2/repository/org/springframework/spring-expression/5.2.3.RELEASE/spring-expression-5.2.3.RELEASE.jar:/Users/pangyu/.m2/repository/com/alibaba/cloud/spring-cloud-starter-alibaba-nacos-discovery/2.2.1.RELEASE/spring-cloud-starter-alibaba-nacos-discovery-2.2.1.RELEASE.jar:/Users/pangyu/.m2/repository/com/alibaba/nacos/nacos-client/1.2.1/nacos-client-1.2.1.jar:/Users/pangyu/.m2/repository/com/alibaba/nacos/nacos-common/1.2.1/nacos-common-1.2.1.jar:/Users/pangyu/.m2/repository/commons-io/commons-io/2.2/commons-io-2.2.jar:/Users/pangyu/.m2/repository/org/apache/commons/commons-lang3/3.9/commons-lang3-3.9.jar:/Users/pangyu/.m2/repository/com/alibaba/nacos/nacos-api/1.2.1/nacos-api-1.2.1.jar:/Users/pangyu/.m2/repository/com/google/guava/guava/29.0-android/guava-29.0-android.jar:/Users/pangyu/.m2/repository/com/google/guava/failureaccess/1.0.1/failureaccess-1.0.1.jar:/Users/pangyu/.m2/repository/com/google/guava/listenablefuture/9999.0-empty-to-avoid-conflict-with-guava/listenablefuture-9999.0-empty-to-avoid-conflict-with-guava.jar:/Users/pangyu/.m2/repository/com/google/code/findbugs/jsr305/3.0.2/jsr305-3.0.2.jar:/Users/pangyu/.m2/repository/org/checkerframework/checker-compat-qual/2.5.5/checker-compat-qual-2.5.5.jar:/Users/pangyu/.m2/repository/com/google/errorprone/error_prone_annotations/2.3.4/error_prone_annotations-2.3.4.jar:/Users/pangyu/.m2/repository/com/google/j2objc/j2objc-annotations/1.3/j2objc-annotations-1.3.jar:/Users/pangyu/.m2/repository/commons-codec/commons-codec/1.13/commons-codec-1.13.jar:/Users/pangyu/.m2/repository/com/fasterxml/jackson/core/jackson-core/2.10.2/jackson-core-2.10.2.jar:/Users/pangyu/.m2/repository/io/prometheus/simpleclient/0.5.0/simpleclient-0.5.0.jar:/Users/pangyu/.m2/repository/com/alibaba/spring/spring-context-support/1.0.6/spring-context-support-1.0.6.jar:/Users/pangyu/.m2/repository/org/springframework/cloud/spring-cloud-commons/2.2.3.RELEASE/spring-cloud-commons-2.2.3.RELEASE.jar:/Users/pangyu/.m2/repository/org/springframework/security/spring-security-crypto/5.2.1.RELEASE/spring-security-crypto-5.2.1.RELEASE.jar:/Users/pangyu/.m2/repository/org/springframework/cloud/spring-cloud-context/2.2.3.RELEASE/spring-cloud-context-2.2.3.RELEASE.jar:/Users/pangyu/.m2/repository/org/springframework/cloud/spring-cloud-starter-openfeign/2.2.3.RELEASE/spring-cloud-starter-openfeign-2.2.3.RELEASE.jar:/Users/pangyu/.m2/repository/org/springframework/cloud/spring-cloud-starter/2.2.3.RELEASE/spring-cloud-starter-2.2.3.RELEASE.jar:/Users/pangyu/.m2/repository/org/springframework/security/spring-security-rsa/1.0.9.RELEASE/spring-security-rsa-1.0.9.RELEASE.jar:/Users/pangyu/.m2/repository/org/bouncycastle/bcpkix-jdk15on/1.64/bcpkix-jdk15on-1.64.jar:/Users/pangyu/.m2/repository/org/bouncycastle/bcprov-jdk15on/1.64/bcprov-jdk15on-1.64.jar:/Users/pangyu/.m2/repository/org/springframework/cloud/spring-cloud-openfeign-core/2.2.3.RELEASE/spring-cloud-openfeign-core-2.2.3.RELEASE.jar:/Users/pangyu/.m2/repository/org/springframework/boot/spring-boot-starter-aop/2.2.3.RELEASE/spring-boot-starter-aop-2.2.3.RELEASE.jar:/Users/pangyu/.m2/repository/org/aspectj/aspectjweaver/1.9.5/aspectjweaver-1.9.5.jar:/Users/pangyu/.m2/repository/io/github/openfeign/form/feign-form-spring/3.8.0/feign-form-spring-3.8.0.jar:/Users/pangyu/.m2/repository/io/github/openfeign/form/feign-form/3.8.0/feign-form-3.8.0.jar:/Users/pangyu/.m2/repository/commons-fileupload/commons-fileupload/1.4/commons-fileupload-1.4.jar:/Users/pangyu/.m2/repository/io/github/openfeign/feign-core/10.10.1/feign-core-10.10.1.jar:/Users/pangyu/.m2/repository/io/github/openfeign/feign-slf4j/10.10.1/feign-slf4j-10.10.1.jar:/Users/pangyu/.m2/repository/io/github/openfeign/feign-hystrix/10.10.1/feign-hystrix-10.10.1.jar:/Users/pangyu/.m2/repository/com/netflix/archaius/archaius-core/0.7.6/archaius-core-0.7.6.jar:/Users/pangyu/.m2/repository/com/netflix/hystrix/hystrix-core/1.5.18/hystrix-core-1.5.18.jar:/Users/pangyu/.m2/repository/org/hdrhistogram/HdrHistogram/2.1.9/HdrHistogram-2.1.9.jar:/Users/pangyu/.m2/repository/com/baomidou/mybatis-plus-boot-starter/3.4.2/mybatis-plus-boot-starter-3.4.2.jar:/Users/pangyu/.m2/repository/com/baomidou/mybatis-plus/3.4.2/mybatis-plus-3.4.2.jar:/Users/pangyu/.m2/repository/com/baomidou/mybatis-plus-extension/3.4.2/mybatis-plus-extension-3.4.2.jar:/Users/pangyu/.m2/repository/com/baomidou/mybatis-plus-core/3.4.2/mybatis-plus-core-3.4.2.jar:/Users/pangyu/.m2/repository/com/baomidou/mybatis-plus-annotation/3.4.2/mybatis-plus-annotation-3.4.2.jar:/Users/pangyu/.m2/repository/com/github/jsqlparser/jsqlparser/4.0/jsqlparser-4.0.jar:/Users/pangyu/.m2/repository/org/mybatis/mybatis/3.5.6/mybatis-3.5.6.jar:/Users/pangyu/.m2/repository/org/mybatis/mybatis-spring/2.0.5/mybatis-spring-2.0.5.jar:/Users/pangyu/.m2/repository/org/springframework/boot/spring-boot-autoconfigure/2.2.3.RELEASE/spring-boot-autoconfigure-2.2.3.RELEASE.jar:/Users/pangyu/.m2/repository/org/springframework/boot/spring-boot-starter-jdbc/2.2.3.RELEASE/spring-boot-starter-jdbc-2.2.3.RELEASE.jar:/Users/pangyu/.m2/repository/com/zaxxer/HikariCP/3.4.2/HikariCP-3.4.2.jar:/Users/pangyu/.m2/repository/org/springframework/spring-jdbc/5.2.3.RELEASE/spring-jdbc-5.2.3.RELEASE.jar:/Users/pangyu/.m2/repository/org/springframework/spring-tx/5.2.3.RELEASE/spring-tx-5.2.3.RELEASE.jar:/Users/pangyu/.m2/repository/mysql/mysql-connector-java/8.0.19/mysql-connector-java-8.0.19.jar:/Users/pangyu/.m2/repository/com/alibaba/druid-spring-boot-starter/1.1.20/druid-spring-boot-starter-1.1.20.jar:/Users/pangyu/.m2/repository/com/alibaba/druid/1.1.20/druid-1.1.20.jar:/Users/pangyu/.m2/repository/org/slf4j/slf4j-api/1.7.30/slf4j-api-1.7.30.jar:/Users/pangyu/.m2/repository/com/alibaba/fastjson/1.2.70/fastjson-1.2.70.jar:/Users/pangyu/.m2/repository/org/springframework/cloud/spring-cloud-starter-netflix-ribbon/2.2.3.RELEASE/spring-cloud-starter-netflix-ribbon-2.2.3.RELEASE.jar:/Users/pangyu/.m2/repository/org/springframework/cloud/spring-cloud-netflix-ribbon/2.2.3.RELEASE/spring-cloud-netflix-ribbon-2.2.3.RELEASE.jar:/Users/pangyu/.m2/repository/org/springframework/cloud/spring-cloud-netflix-archaius/2.2.3.RELEASE/spring-cloud-netflix-archaius-2.2.3.RELEASE.jar:/Users/pangyu/.m2/repository/org/springframework/cloud/spring-cloud-starter-netflix-archaius/2.2.3.RELEASE/spring-cloud-starter-netflix-archaius-2.2.3.RELEASE.jar:/Users/pangyu/.m2/repository/commons-configuration/commons-configuration/1.8/commons-configuration-1.8.jar:/Users/pangyu/.m2/repository/com/netflix/ribbon/ribbon/2.3.0/ribbon-2.3.0.jar:/Users/pangyu/.m2/repository/com/netflix/ribbon/ribbon-transport/2.3.0/ribbon-transport-2.3.0.jar:/Users/pangyu/.m2/repository/io/reactivex/rxnetty-contexts/0.4.9/rxnetty-contexts-0.4.9.jar:/Users/pangyu/.m2/repository/io/reactivex/rxnetty-servo/0.4.9/rxnetty-servo-0.4.9.jar:/Users/pangyu/.m2/repository/javax/inject/javax.inject/1/javax.inject-1.jar:/Users/pangyu/.m2/repository/io/reactivex/rxnetty/0.4.9/rxnetty-0.4.9.jar:/Users/pangyu/.m2/repository/com/netflix/ribbon/ribbon-core/2.3.0/ribbon-core-2.3.0.jar:/Users/pangyu/.m2/repository/commons-lang/commons-lang/2.6/commons-lang-2.6.jar:/Users/pangyu/.m2/repository/com/netflix/ribbon/ribbon-httpclient/2.3.0/ribbon-httpclient-2.3.0.jar:/Users/pangyu/.m2/repository/commons-collections/commons-collections/3.2.2/commons-collections-3.2.2.jar:/Users/pangyu/.m2/repository/org/apache/httpcomponents/httpclient/4.5.10/httpclient-4.5.10.jar:/Users/pangyu/.m2/repository/org/apache/httpcomponents/httpcore/4.4.13/httpcore-4.4.13.jar:/Users/pangyu/.m2/repository/com/sun/jersey/jersey-client/1.19.1/jersey-client-1.19.1.jar:/Users/pangyu/.m2/repository/com/sun/jersey/jersey-core/1.19.1/jersey-core-1.19.1.jar:/Users/pangyu/.m2/repository/javax/ws/rs/jsr311-api/1.1.1/jsr311-api-1.1.1.jar:/Users/pangyu/.m2/repository/com/sun/jersey/contribs/jersey-apache-client4/1.19.1/jersey-apache-client4-1.19.1.jar:/Users/pangyu/.m2/repository/com/netflix/servo/servo-core/0.12.21/servo-core-0.12.21.jar:/Users/pangyu/.m2/repository/com/netflix/netflix-commons/netflix-commons-util/0.3.0/netflix-commons-util-0.3.0.jar:/Users/pangyu/.m2/repository/com/netflix/ribbon/ribbon-loadbalancer/2.3.0/ribbon-loadbalancer-2.3.0.jar:/Users/pangyu/.m2/repository/com/netflix/netflix-commons/netflix-statistics/0.1.1/netflix-statistics-0.1.1.jar:/Users/pangyu/.m2/repository/io/reactivex/rxjava/1.3.8/rxjava-1.3.8.jar:/Users/pangyu/.m2/repository/org/projectlombok/lombok/1.18.10/lombok-1.18.10.jar:"/>
    <property name="sun.cpu.endian" value="little"/>
    <property name="user.home" value="/Users/pangyu"/>
    <property name="user.language" value="zh"/>
    <property name="java.specification.vendor" value="Oracle Corporation"/>
    <property name="java.home" value="/Library/Java/JavaVirtualMachines/jdk1.8.0_333.jdk/Contents/Home/jre"/>
    <property name="basedir" value="/Users/pangyu/Documents/FWWB-14th/Numb-Little-Bug/cloud-backend/cloud-video"/>
    <property name="https.proxyHost" value="127.0.0.1"/>
    <property name="file.separator" value="/"/>
    <property name="line.separator" value="&#10;"/>
    <property name="java.vm.specification.vendor" value="Oracle Corporation"/>
    <property name="java.specification.name" value="Java Platform API Specification"/>
    <property name="java.awt.graphicsenv" value="sun.awt.CGraphicsEnvironment"/>
    <property name="surefire.real.class.path" value="/Users/pangyu/Documents/FWWB-14th/Numb-Little-Bug/cloud-backend/cloud-video/target/surefire/surefirebooter8309205199188301064.jar"/>
    <property name="sun.boot.class.path" value="/Library/Java/JavaVirtualMachines/jdk1.8.0_333.jdk/Contents/Home/jre/lib/resources.jar:/Library/Java/JavaVirtualMachines/jdk1.8.0_333.jdk/Contents/Home/jre/lib/rt.jar:/Library/Java/JavaVirtualMachines/jdk1.8.0_333.jdk/Contents/Home/jre/lib/sunrsasign.jar:/Library/Java/JavaVirtualMachines/jdk1.8.0_333.jdk/Contents/Home/jre/lib/jsse.jar:/Library/Java/JavaVirtualMachines/jdk1.8.0_333.jdk/Contents/Home/jre/lib/jce.jar:/Library/Java/JavaVirtualMachines/jdk1.8.0_333.jdk/Contents/Home/jre/lib/charsets.jar:/Library/Java/JavaVirtualMachines/jdk1.8.0_333.jdk/Contents/Home/jre/lib/jfr.jar:/Library/Java/JavaVirtualMachines/jdk1.8.0_333.jdk/Contents/Home/jre/classes"/>
    <property name="sun.management.compiler" value="HotSpot 64-Bit Tiered Compilers"/>
    <property name="ftp.nonProxyHosts" value="192.168.0.0/16|*.192.168.0.0/16|10.0.0.0/8|*.10.0.0.0/8|172.16.0.0/12|*.172.16.0.0/12|127.0.0.1|localhost|*.localhost|local|*.local|timestamp.apple.com|*.timestamp.apple.com"/>
    <property name="java.runtime.version" value="1.8.0_333-b02"/>
    <property name="user.name" value="pangyu"/>
    <property name="path.separator" value=":"/>
    <property name="os.version" value="13.1"/>
    <property name="java.endorsed.dirs" value="/Library/Java/JavaVirtualMachines/jdk1.8.0_333.jdk/Contents/Home/jre/lib/endorsed"/>
    <property name="java.runtime.name" value="Java(TM) SE Runtime Environment"/>
    <property name="file.encoding" value="UTF-8"/>
    <property name="java.vm.name" value="Java HotSpot(TM) 64-Bit Server VM"/>
    <property name="localRepository" value="/Users/pangyu/.m2/repository"/>
    <property name="java.vendor.url.bug" value="http://bugreport.sun.com/bugreport/"/>
    <property name="java.io.tmpdir" value="/var/folders/69/svk99d2x6g90l73yshvlzl680000gn/T/"/>
    <property name="idea.version" value="2022.1"/>
    <property name="java.version" value="1.8.0_333"/>
    <property name="user.dir" value="/Users/pangyu/Documents/FWWB-14th/Numb-Little-Bug/cloud-backend/cloud-video"/>
    <property name="os.arch" value="x86_64"/>
    <property name="socksProxyPort" value="7890"/>
    <property name="java.vm.specification.name" value="Java Virtual Machine Specification"/>
    <property name="java.awt.printerjob" value="sun.lwawt.macosx.CPrinterJob"/>
    <property name="sun.os.patch.level" value="unknown"/>
    <property name="java.library.path" value="/Users/pangyu/Library/Java/Extensions:/Library/Java/Extensions:/Network/Library/Java/Extensions:/System/Library/Java/Extensions:/usr/lib/java:."/>
    <property name="java.vm.info" value="mixed mode"/>
    <property name="java.vendor" value="Oracle Corporation"/>
    <property name="java.vm.version" value="25.333-b02"/>
    <property name="java.ext.dirs" value="/Users/pangyu/Library/Java/Extensions:/Library/Java/JavaVirtualMachines/jdk1.8.0_333.jdk/Contents/Home/jre/lib/ext:/Library/Java/Extensions:/Network/Library/Java/Extensions:/System/Library/Java/Extensions:/usr/lib/java"/>
    <property name="sun.io.unicode.encoding" value="UnicodeBig"/>
    <property name="java.class.version" value="52.0"/>
    <property name="socksNonProxyHosts" value="192.168.0.0/16|*.192.168.0.0/16|10.0.0.0/8|*.10.0.0.0/8|172.16.0.0/12|*.172.16.0.0/12|127.0.0.1|localhost|*.localhost|local|*.local|timestamp.apple.com|*.timestamp.apple.com"/>
    <property name="http.proxyPort" value="7890"/>
  </properties>
  <testcase name="shouldAnswerWithTrue" classname="com.numb_little_bug.VideoApplicationTest" time="0.001"/>
</testsuite>